[     413ms] [LOG] 









 @ https://bt.adatepe.dev/_next/static/chunks/1393b683b5e57493.js:0
[     415ms] [LOG] %c  Alperen Adatepe   background: linear-gradient(135deg, #6366f1, #8b5cf6, #a855f7); color: #fff; font-family: 'Inter', system-ui, -apple-system, sans-serif; font-size: 24px; font-weight: 700; padding: 14px 28px; border-radius: 8px; letter-spacing: 0.5px; text-shadow: 0 2px 4px rgba(0,0,0,0.3); margin: 8px 0; @ https://bt.adatepe.dev/_next/static/chunks/1393b683b5e57493.js:0
[     415ms] [LOG] %cFull-Stack Engineer %c· %cComputer Scientist @ LMU color: #60a5fa; font-size: 13px; font-weight: 600; color: #475569; font-size: 13px; color: #a78bfa; font-size: 13px; font-weight: 600; @ https://bt.adatepe.dev/_next/static/chunks/1393b683b5e57493.js:0
[     415ms] [LOG]  @ https://bt.adatepe.dev/_next/static/chunks/1393b683b5e57493.js:0
[     415ms] [LOG] Portfolio    https://adatepe.dev @ https://bt.adatepe.dev/_next/static/chunks/1393b683b5e57493.js:0
[     415ms] [LOG] GitHub       https://git.adatepe.dev @ https://bt.adatepe.dev/_next/static/chunks/1393b683b5e57493.js:0
[     415ms] [LOG] LinkedIn     https://in.adatepe.dev @ https://bt.adatepe.dev/_next/static/chunks/1393b683b5e57493.js:0
[     415ms] [LOG]  @ https://bt.adatepe.dev/_next/static/chunks/1393b683b5e57493.js:0
[     415ms] [LOG] %c+--------------------------------------------+
|                                            |
|   Well, well, well...                      |
|                                            |
|   You just opened the console.             |
|   Less than 1% of visitors ever do this.   |
|                                            |
|   That tells me you're either a developer, |
|   a researcher, or just genuinely curious. |
|   Either way - I like that.                |
|                                            |
|   This is my bachelor thesis at LMU.       |
|   Every pixel, every interaction, every    |
|   line of code was built with intention.   |
|                                            |
|   Want to know the story behind it?        |
|   Building something yourself?             |
|   I'd love to hear from you.               |
|                                            |
+--------------------------------------------+ color: #f59e0b; font-size: 13px; font-family: monospace; line-height: 1.5; @ https://bt.adatepe.dev/_next/static/chunks/1393b683b5e57493.js:0
[     415ms] [LOG]  @ https://bt.adatepe.dev/_next/static/chunks/1393b683b5e57493.js:0
[     416ms] [LOG] -> Portfolio     https://adatepe.dev @ https://bt.adatepe.dev/_next/static/chunks/1393b683b5e57493.js:0
[     416ms] [LOG]  @ https://bt.adatepe.dev/_next/static/chunks/1393b683b5e57493.js:0
[     416ms] [LOG] %c  Send me a message on LinkedIn   background: #0a66c2; color: #fff; font-family: 'Inter', system-ui, -apple-system, sans-serif; font-size: 14px; font-weight: 600; padding: 10px 20px; border-radius: 6px; cursor: pointer; @ https://bt.adatepe.dev/_next/static/chunks/1393b683b5e57493.js:0
[     416ms] [LOG]    https://in.adatepe.dev @ https://bt.adatepe.dev/_next/static/chunks/1393b683b5e57493.js:0
[     416ms] [LOG] 









 @ https://bt.adatepe.dev/_next/static/chunks/1393b683b5e57493.js:0
[     554ms] [ERROR] Manifest: Line: 1, column: 1, Syntax error. @ https://bt.adatepe.dev/manifest.json:0
[    1121ms] [ERROR] Manifest: Line: 1, column: 1, Syntax error. @ https://bt.adatepe.dev/manifest.json:0
[    6716ms] [WARNING] The resource https://bt.adatepe.dev/_next/static/chunks/cb19ce5ff8f121f5.css was preloaded using link preload but not used within a few seconds from the window's load event. Please make sure it has an appropriate `as` value and it is preloaded intentionally. @ https://bt.adatepe.dev/:0
[    6716ms] [WARNING] The resource https://bt.adatepe.dev/_next/static/chunks/8a5bd6fe3abc8091.css was preloaded using link preload but not used within a few seconds from the window's load event. Please make sure it has an appropriate `as` value and it is preloaded intentionally. @ https://bt.adatepe.dev/:0
[   15878ms] [WARNING] The resource https://bt.adatepe.dev/_next/static/chunks/cb19ce5ff8f121f5.css was preloaded using link preload but not used within a few seconds from the window's load event. Please make sure it has an appropriate `as` value and it is preloaded intentionally. @ https://bt.adatepe.dev/:0
[   15878ms] [WARNING] The resource https://bt.adatepe.dev/_next/static/chunks/8a5bd6fe3abc8091.css was preloaded using link preload but not used within a few seconds from the window's load event. Please make sure it has an appropriate `as` value and it is preloaded intentionally. @ https://bt.adatepe.dev/:0
[   24364ms] [WARNING] The resource https://bt.adatepe.dev/_next/static/chunks/cb19ce5ff8f121f5.css was preloaded using link preload but not used within a few seconds from the window's load event. Please make sure it has an appropriate `as` value and it is preloaded intentionally. @ https://bt.adatepe.dev/:0
[   24364ms] [WARNING] The resource https://bt.adatepe.dev/_next/static/chunks/8a5bd6fe3abc8091.css was preloaded using link preload but not used within a few seconds from the window's load event. Please make sure it has an appropriate `as` value and it is preloaded intentionally. @ https://bt.adatepe.dev/:0
[   28453ms] [WARNING] The resource https://bt.adatepe.dev/_next/static/chunks/cb19ce5ff8f121f5.css was preloaded using link preload but not used within a few seconds from the window's load event. Please make sure it has an appropriate `as` value and it is preloaded intentionally. @ https://bt.adatepe.dev/:0
[   28453ms] [WARNING] The resource https://bt.adatepe.dev/_next/static/chunks/8a5bd6fe3abc8091.css was preloaded using link preload but not used within a few seconds from the window's load event. Please make sure it has an appropriate `as` value and it is preloaded intentionally. @ https://bt.adatepe.dev/:0
[   32557ms] [WARNING] The resource https://bt.adatepe.dev/_next/static/chunks/cb19ce5ff8f121f5.css was preloaded using link preload but not used within a few seconds from the window's load event. Please make sure it has an appropriate `as` value and it is preloaded intentionally. @ https://bt.adatepe.dev/:0
[   32557ms] [WARNING] The resource https://bt.adatepe.dev/_next/static/chunks/8a5bd6fe3abc8091.css was preloaded using link preload but not used within a few seconds from the window's load event. Please make sure it has an appropriate `as` value and it is preloaded intentionally. @ https://bt.adatepe.dev/:0
[   36752ms] [WARNING] The resource https://bt.adatepe.dev/_next/static/chunks/cb19ce5ff8f121f5.css was preloaded using link preload but not used within a few seconds from the window's load event. Please make sure it has an appropriate `as` value and it is preloaded intentionally. @ https://bt.adatepe.dev/:0
[   36752ms] [WARNING] The resource https://bt.adatepe.dev/_next/static/chunks/8a5bd6fe3abc8091.css was preloaded using link preload but not used within a few seconds from the window's load event. Please make sure it has an appropriate `as` value and it is preloaded intentionally. @ https://bt.adatepe.dev/:0
[   40660ms] [WARNING] The resource https://bt.adatepe.dev/_next/static/chunks/cb19ce5ff8f121f5.css was preloaded using link preload but not used within a few seconds from the window's load event. Please make sure it has an appropriate `as` value and it is preloaded intentionally. @ https://bt.adatepe.dev/:0
[   40660ms] [WARNING] The resource https://bt.adatepe.dev/_next/static/chunks/8a5bd6fe3abc8091.css was preloaded using link preload but not used within a few seconds from the window's load event. Please make sure it has an appropriate `as` value and it is preloaded intentionally. @ https://bt.adatepe.dev/:0
[   44754ms] [WARNING] The resource https://bt.adatepe.dev/_next/static/chunks/cb19ce5ff8f121f5.css was preloaded using link preload but not used within a few seconds from the window's load event. Please make sure it has an appropriate `as` value and it is preloaded intentionally. @ https://bt.adatepe.dev/:0
[   44754ms] [WARNING] The resource https://bt.adatepe.dev/_next/static/chunks/8a5bd6fe3abc8091.css was preloaded using link preload but not used within a few seconds from the window's load event. Please make sure it has an appropriate `as` value and it is preloaded intentionally. @ https://bt.adatepe.dev/:0
[   48465ms] [WARNING] The resource https://bt.adatepe.dev/_next/static/chunks/cb19ce5ff8f121f5.css was preloaded using link preload but not used within a few seconds from the window's load event. Please make sure it has an appropriate `as` value and it is preloaded intentionally. @ https://bt.adatepe.dev/:0
[   48466ms] [WARNING] The resource https://bt.adatepe.dev/_next/static/chunks/8a5bd6fe3abc8091.css was preloaded using link preload but not used within a few seconds from the window's load event. Please make sure it has an appropriate `as` value and it is preloaded intentionally. @ https://bt.adatepe.dev/:0
[   52669ms] [WARNING] The resource https://bt.adatepe.dev/_next/static/chunks/cb19ce5ff8f121f5.css was preloaded using link preload but not used within a few seconds from the window's load event. Please make sure it has an appropriate `as` value and it is preloaded intentionally. @ https://bt.adatepe.dev/:0
[   52670ms] [WARNING] The resource https://bt.adatepe.dev/_next/static/chunks/8a5bd6fe3abc8091.css was preloaded using link preload but not used within a few seconds from the window's load event. Please make sure it has an appropriate `as` value and it is preloaded intentionally. @ https://bt.adatepe.dev/:0
[   57383ms] [WARNING] The resource https://bt.adatepe.dev/_next/static/chunks/cb19ce5ff8f121f5.css was preloaded using link preload but not used within a few seconds from the window's load event. Please make sure it has an appropriate `as` value and it is preloaded intentionally. @ https://bt.adatepe.dev/:0
[   57383ms] [WARNING] The resource https://bt.adatepe.dev/_next/static/chunks/8a5bd6fe3abc8091.css was preloaded using link preload but not used within a few seconds from the window's load event. Please make sure it has an appropriate `as` value and it is preloaded intentionally. @ https://bt.adatepe.dev/:0
[   61561ms] [WARNING] The resource https://bt.adatepe.dev/_next/static/chunks/cb19ce5ff8f121f5.css was preloaded using link preload but not used within a few seconds from the window's load event. Please make sure it has an appropriate `as` value and it is preloaded intentionally. @ https://bt.adatepe.dev/:0
[   61561ms] [WARNING] The resource https://bt.adatepe.dev/_next/static/chunks/8a5bd6fe3abc8091.css was preloaded using link preload but not used within a few seconds from the window's load event. Please make sure it has an appropriate `as` value and it is preloaded intentionally. @ https://bt.adatepe.dev/:0
[   65273ms] [WARNING] The resource https://bt.adatepe.dev/_next/static/chunks/cb19ce5ff8f121f5.css was preloaded using link preload but not used within a few seconds from the window's load event. Please make sure it has an appropriate `as` value and it is preloaded intentionally. @ https://bt.adatepe.dev/:0
[   65273ms] [WARNING] The resource https://bt.adatepe.dev/_next/static/chunks/8a5bd6fe3abc8091.css was preloaded using link preload but not used within a few seconds from the window's load event. Please make sure it has an appropriate `as` value and it is preloaded intentionally. @ https://bt.adatepe.dev/:0
[   69669ms] [WARNING] The resource https://bt.adatepe.dev/_next/static/chunks/cb19ce5ff8f121f5.css was preloaded using link preload but not used within a few seconds from the window's load event. Please make sure it has an appropriate `as` value and it is preloaded intentionally. @ https://bt.adatepe.dev/:0
[   69669ms] [WARNING] The resource https://bt.adatepe.dev/_next/static/chunks/8a5bd6fe3abc8091.css was preloaded using link preload but not used within a few seconds from the window's load event. Please make sure it has an appropriate `as` value and it is preloaded intentionally. @ https://bt.adatepe.dev/:0
[   73453ms] [WARNING] The resource https://bt.adatepe.dev/_next/static/chunks/cb19ce5ff8f121f5.css was preloaded using link preload but not used within a few seconds from the window's load event. Please make sure it has an appropriate `as` value and it is preloaded intentionally. @ https://bt.adatepe.dev/:0
[   73453ms] [WARNING] The resource https://bt.adatepe.dev/_next/static/chunks/8a5bd6fe3abc8091.css was preloaded using link preload but not used within a few seconds from the window's load event. Please make sure it has an appropriate `as` value and it is preloaded intentionally. @ https://bt.adatepe.dev/:0
[   75627ms] [VERBOSE] [DOM] Input elements should have autocomplete attributes (suggested: "current-password"): (More info: https://goo.gl/9p2vKq) %o @ https://bt.adatepe.dev/login:0
[   75747ms] [ERROR] Manifest: Line: 1, column: 1, Syntax error. @ https://bt.adatepe.dev/manifest.json:0
[   77315ms] [ERROR] Manifest: Line: 1, column: 1, Syntax error. @ https://bt.adatepe.dev/manifest.json:0
[   81837ms] [WARNING] The resource https://bt.adatepe.dev/_next/static/chunks/cb19ce5ff8f121f5.css was preloaded using link preload but not used within a few seconds from the window's load event. Please make sure it has an appropriate `as` value and it is preloaded intentionally. @ https://bt.adatepe.dev/:0
[   81837ms] [WARNING] The resource https://bt.adatepe.dev/_next/static/chunks/8a5bd6fe3abc8091.css was preloaded using link preload but not used within a few seconds from the window's load event. Please make sure it has an appropriate `as` value and it is preloaded intentionally. @ https://bt.adatepe.dev/:0
[   85743ms] [WARNING] The resource https://bt.adatepe.dev/_next/static/chunks/cb19ce5ff8f121f5.css was preloaded using link preload but not used within a few seconds from the window's load event. Please make sure it has an appropriate `as` value and it is preloaded intentionally. @ https://bt.adatepe.dev/:0
[   85743ms] [WARNING] The resource https://bt.adatepe.dev/_next/static/chunks/8a5bd6fe3abc8091.css was preloaded using link preload but not used within a few seconds from the window's load event. Please make sure it has an appropriate `as` value and it is preloaded intentionally. @ https://bt.adatepe.dev/:0
[   90061ms] [WARNING] The resource https://bt.adatepe.dev/_next/static/chunks/cb19ce5ff8f121f5.css was preloaded using link preload but not used within a few seconds from the window's load event. Please make sure it has an appropriate `as` value and it is preloaded intentionally. @ https://bt.adatepe.dev/:0
[   90061ms] [WARNING] The resource https://bt.adatepe.dev/_next/static/chunks/8a5bd6fe3abc8091.css was preloaded using link preload but not used within a few seconds from the window's load event. Please make sure it has an appropriate `as` value and it is preloaded intentionally. @ https://bt.adatepe.dev/:0
[   93775ms] [WARNING] The resource https://bt.adatepe.dev/_next/static/chunks/cb19ce5ff8f121f5.css was preloaded using link preload but not used within a few seconds from the window's load event. Please make sure it has an appropriate `as` value and it is preloaded intentionally. @ https://bt.adatepe.dev/:0
[   93775ms] [WARNING] The resource https://bt.adatepe.dev/_next/static/chunks/8a5bd6fe3abc8091.css was preloaded using link preload but not used within a few seconds from the window's load event. Please make sure it has an appropriate `as` value and it is preloaded intentionally. @ https://bt.adatepe.dev/:0
[   97598ms] [WARNING] The resource https://bt.adatepe.dev/_next/static/chunks/cb19ce5ff8f121f5.css was preloaded using link preload but not used within a few seconds from the window's load event. Please make sure it has an appropriate `as` value and it is preloaded intentionally. @ https://bt.adatepe.dev/:0
[   97598ms] [WARNING] The resource https://bt.adatepe.dev/_next/static/chunks/8a5bd6fe3abc8091.css was preloaded using link preload but not used within a few seconds from the window's load event. Please make sure it has an appropriate `as` value and it is preloaded intentionally. @ https://bt.adatepe.dev/:0
[  101760ms] [WARNING] The resource https://bt.adatepe.dev/_next/static/chunks/cb19ce5ff8f121f5.css was preloaded using link preload but not used within a few seconds from the window's load event. Please make sure it has an appropriate `as` value and it is preloaded intentionally. @ https://bt.adatepe.dev/:0
[  101760ms] [WARNING] The resource https://bt.adatepe.dev/_next/static/chunks/8a5bd6fe3abc8091.css was preloaded using link preload but not used within a few seconds from the window's load event. Please make sure it has an appropriate `as` value and it is preloaded intentionally. @ https://bt.adatepe.dev/:0
[  105862ms] [WARNING] The resource https://bt.adatepe.dev/_next/static/chunks/cb19ce5ff8f121f5.css was preloaded using link preload but not used within a few seconds from the window's load event. Please make sure it has an appropriate `as` value and it is preloaded intentionally. @ https://bt.adatepe.dev/:0
[  105862ms] [WARNING] The resource https://bt.adatepe.dev/_next/static/chunks/8a5bd6fe3abc8091.css was preloaded using link preload but not used within a few seconds from the window's load event. Please make sure it has an appropriate `as` value and it is preloaded intentionally. @ https://bt.adatepe.dev/:0
[  110942ms] [WARNING] The resource https://bt.adatepe.dev/_next/static/chunks/cb19ce5ff8f121f5.css was preloaded using link preload but not used within a few seconds from the window's load event. Please make sure it has an appropriate `as` value and it is preloaded intentionally. @ https://bt.adatepe.dev/:0
[  110942ms] [WARNING] The resource https://bt.adatepe.dev/_next/static/chunks/8a5bd6fe3abc8091.css was preloaded using link preload but not used within a few seconds from the window's load event. Please make sure it has an appropriate `as` value and it is preloaded intentionally. @ https://bt.adatepe.dev/:0
[  114890ms] [WARNING] The resource https://bt.adatepe.dev/_next/static/chunks/cb19ce5ff8f121f5.css was preloaded using link preload but not used within a few seconds from the window's load event. Please make sure it has an appropriate `as` value and it is preloaded intentionally. @ https://bt.adatepe.dev/:0
[  114890ms] [WARNING] The resource https://bt.adatepe.dev/_next/static/chunks/8a5bd6fe3abc8091.css was preloaded using link preload but not used within a few seconds from the window's load event. Please make sure it has an appropriate `as` value and it is preloaded intentionally. @ https://bt.adatepe.dev/:0
[  118799ms] [WARNING] The resource https://bt.adatepe.dev/_next/static/chunks/cb19ce5ff8f121f5.css was preloaded using link preload but not used within a few seconds from the window's load event. Please make sure it has an appropriate `as` value and it is preloaded intentionally. @ https://bt.adatepe.dev/:0
[  118799ms] [WARNING] The resource https://bt.adatepe.dev/_next/static/chunks/8a5bd6fe3abc8091.css was preloaded using link preload but not used within a few seconds from the window's load event. Please make sure it has an appropriate `as` value and it is preloaded intentionally. @ https://bt.adatepe.dev/:0
[  122732ms] [WARNING] The resource https://bt.adatepe.dev/_next/static/chunks/cb19ce5ff8f121f5.css was preloaded using link preload but not used within a few seconds from the window's load event. Please make sure it has an appropriate `as` value and it is preloaded intentionally. @ https://bt.adatepe.dev/:0
[  122732ms] [WARNING] The resource https://bt.adatepe.dev/_next/static/chunks/8a5bd6fe3abc8091.css was preloaded using link preload but not used within a few seconds from the window's load event. Please make sure it has an appropriate `as` value and it is preloaded intentionally. @ https://bt.adatepe.dev/:0
[  127868ms] [WARNING] The resource https://bt.adatepe.dev/_next/static/chunks/cb19ce5ff8f121f5.css was preloaded using link preload but not used within a few seconds from the window's load event. Please make sure it has an appropriate `as` value and it is preloaded intentionally. @ https://bt.adatepe.dev/:0
[  127868ms] [WARNING] The resource https://bt.adatepe.dev/_next/static/chunks/8a5bd6fe3abc8091.css was preloaded using link preload but not used within a few seconds from the window's load event. Please make sure it has an appropriate `as` value and it is preloaded intentionally. @ https://bt.adatepe.dev/:0
[  131762ms] [WARNING] The resource https://bt.adatepe.dev/_next/static/chunks/cb19ce5ff8f121f5.css was preloaded using link preload but not used within a few seconds from the window's load event. Please make sure it has an appropriate `as` value and it is preloaded intentionally. @ https://bt.adatepe.dev/:0
[  131762ms] [WARNING] The resource https://bt.adatepe.dev/_next/static/chunks/8a5bd6fe3abc8091.css was preloaded using link preload but not used within a few seconds from the window's load event. Please make sure it has an appropriate `as` value and it is preloaded intentionally. @ https://bt.adatepe.dev/:0
[  136567ms] [WARNING] The resource https://bt.adatepe.dev/_next/static/chunks/cb19ce5ff8f121f5.css was preloaded using link preload but not used within a few seconds from the window's load event. Please make sure it has an appropriate `as` value and it is preloaded intentionally. @ https://bt.adatepe.dev/:0
[  136567ms] [WARNING] The resource https://bt.adatepe.dev/_next/static/chunks/8a5bd6fe3abc8091.css was preloaded using link preload but not used within a few seconds from the window's load event. Please make sure it has an appropriate `as` value and it is preloaded intentionally. @ https://bt.adatepe.dev/:0
[  139762ms] [WARNING] The resource https://bt.adatepe.dev/_next/static/chunks/cb19ce5ff8f121f5.css was preloaded using link preload but not used within a few seconds from the window's load event. Please make sure it has an appropriate `as` value and it is preloaded intentionally. @ https://bt.adatepe.dev/:0
[  139762ms] [WARNING] The resource https://bt.adatepe.dev/_next/static/chunks/8a5bd6fe3abc8091.css was preloaded using link preload but not used within a few seconds from the window's load event. Please make sure it has an appropriate `as` value and it is preloaded intentionally. @ https://bt.adatepe.dev/:0
[  143750ms] [WARNING] The resource https://bt.adatepe.dev/_next/static/chunks/cb19ce5ff8f121f5.css was preloaded using link preload but not used within a few seconds from the window's load event. Please make sure it has an appropriate `as` value and it is preloaded intentionally. @ https://bt.adatepe.dev/:0
[  143750ms] [WARNING] The resource https://bt.adatepe.dev/_next/static/chunks/8a5bd6fe3abc8091.css was preloaded using link preload but not used within a few seconds from the window's load event. Please make sure it has an appropriate `as` value and it is preloaded intentionally. @ https://bt.adatepe.dev/:0
[  148547ms] [WARNING] The resource https://bt.adatepe.dev/_next/static/chunks/cb19ce5ff8f121f5.css was preloaded using link preload but not used within a few seconds from the window's load event. Please make sure it has an appropriate `as` value and it is preloaded intentionally. @ https://bt.adatepe.dev/:0
[  148548ms] [WARNING] The resource https://bt.adatepe.dev/_next/static/chunks/8a5bd6fe3abc8091.css was preloaded using link preload but not used within a few seconds from the window's load event. Please make sure it has an appropriate `as` value and it is preloaded intentionally. @ https://bt.adatepe.dev/:0
[  152862ms] [WARNING] The resource https://bt.adatepe.dev/_next/static/chunks/cb19ce5ff8f121f5.css was preloaded using link preload but not used within a few seconds from the window's load event. Please make sure it has an appropriate `as` value and it is preloaded intentionally. @ https://bt.adatepe.dev/:0
[  152862ms] [WARNING] The resource https://bt.adatepe.dev/_next/static/chunks/8a5bd6fe3abc8091.css was preloaded using link preload but not used within a few seconds from the window's load event. Please make sure it has an appropriate `as` value and it is preloaded intentionally. @ https://bt.adatepe.dev/:0
[  156864ms] [WARNING] The resource https://bt.adatepe.dev/_next/static/chunks/cb19ce5ff8f121f5.css was preloaded using link preload but not used within a few seconds from the window's load event. Please make sure it has an appropriate `as` value and it is preloaded intentionally. @ https://bt.adatepe.dev/:0
[  156864ms] [WARNING] The resource https://bt.adatepe.dev/_next/static/chunks/8a5bd6fe3abc8091.css was preloaded using link preload but not used within a few seconds from the window's load event. Please make sure it has an appropriate `as` value and it is preloaded intentionally. @ https://bt.adatepe.dev/:0
[  160765ms] [WARNING] The resource https://bt.adatepe.dev/_next/static/chunks/cb19ce5ff8f121f5.css was preloaded using link preload but not used within a few seconds from the window's load event. Please make sure it has an appropriate `as` value and it is preloaded intentionally. @ https://bt.adatepe.dev/:0
[  160765ms] [WARNING] The resource https://bt.adatepe.dev/_next/static/chunks/8a5bd6fe3abc8091.css was preloaded using link preload but not used within a few seconds from the window's load event. Please make sure it has an appropriate `as` value and it is preloaded intentionally. @ https://bt.adatepe.dev/:0
[  164876ms] [WARNING] The resource https://bt.adatepe.dev/_next/static/chunks/cb19ce5ff8f121f5.css was preloaded using link preload but not used within a few seconds from the window's load event. Please make sure it has an appropriate `as` value and it is preloaded intentionally. @ https://bt.adatepe.dev/:0
[  164876ms] [WARNING] The resource https://bt.adatepe.dev/_next/static/chunks/8a5bd6fe3abc8091.css was preloaded using link preload but not used within a few seconds from the window's load event. Please make sure it has an appropriate `as` value and it is preloaded intentionally. @ https://bt.adatepe.dev/:0
[  169963ms] [WARNING] The resource https://bt.adatepe.dev/_next/static/chunks/cb19ce5ff8f121f5.css was preloaded using link preload but not used within a few seconds from the window's load event. Please make sure it has an appropriate `as` value and it is preloaded intentionally. @ https://bt.adatepe.dev/:0
[  169963ms] [WARNING] The resource https://bt.adatepe.dev/_next/static/chunks/8a5bd6fe3abc8091.css was preloaded using link preload but not used within a few seconds from the window's load event. Please make sure it has an appropriate `as` value and it is preloaded intentionally. @ https://bt.adatepe.dev/:0
[  173585ms] [WARNING] The resource https://bt.adatepe.dev/_next/static/chunks/cb19ce5ff8f121f5.css was preloaded using link preload but not used within a few seconds from the window's load event. Please make sure it has an appropriate `as` value and it is preloaded intentionally. @ https://bt.adatepe.dev/:0
[  173585ms] [WARNING] The resource https://bt.adatepe.dev/_next/static/chunks/8a5bd6fe3abc8091.css was preloaded using link preload but not used within a few seconds from the window's load event. Please make sure it has an appropriate `as` value and it is preloaded intentionally. @ https://bt.adatepe.dev/:0
[  177254ms] [WARNING] The resource https://bt.adatepe.dev/_next/static/chunks/cb19ce5ff8f121f5.css was preloaded using link preload but not used within a few seconds from the window's load event. Please make sure it has an appropriate `as` value and it is preloaded intentionally. @ https://bt.adatepe.dev/:0
[  177254ms] [WARNING] The resource https://bt.adatepe.dev/_next/static/chunks/8a5bd6fe3abc8091.css was preloaded using link preload but not used within a few seconds from the window's load event. Please make sure it has an appropriate `as` value and it is preloaded intentionally. @ https://bt.adatepe.dev/:0
[  181978ms] [WARNING] The resource https://bt.adatepe.dev/_next/static/chunks/cb19ce5ff8f121f5.css was preloaded using link preload but not used within a few seconds from the window's load event. Please make sure it has an appropriate `as` value and it is preloaded intentionally. @ https://bt.adatepe.dev/:0
[  181978ms] [WARNING] The resource https://bt.adatepe.dev/_next/static/chunks/8a5bd6fe3abc8091.css was preloaded using link preload but not used within a few seconds from the window's load event. Please make sure it has an appropriate `as` value and it is preloaded intentionally. @ https://bt.adatepe.dev/:0
[  185748ms] [WARNING] The resource https://bt.adatepe.dev/_next/static/chunks/cb19ce5ff8f121f5.css was preloaded using link preload but not used within a few seconds from the window's load event. Please make sure it has an appropriate `as` value and it is preloaded intentionally. @ https://bt.adatepe.dev/:0
[  185748ms] [WARNING] The resource https://bt.adatepe.dev/_next/static/chunks/8a5bd6fe3abc8091.css was preloaded using link preload but not used within a few seconds from the window's load event. Please make sure it has an appropriate `as` value and it is preloaded intentionally. @ https://bt.adatepe.dev/:0
[  190892ms] [WARNING] The resource https://bt.adatepe.dev/_next/static/chunks/cb19ce5ff8f121f5.css was preloaded using link preload but not used within a few seconds from the window's load event. Please make sure it has an appropriate `as` value and it is preloaded intentionally. @ https://bt.adatepe.dev/:0
[  190892ms] [WARNING] The resource https://bt.adatepe.dev/_next/static/chunks/8a5bd6fe3abc8091.css was preloaded using link preload but not used within a few seconds from the window's load event. Please make sure it has an appropriate `as` value and it is preloaded intentionally. @ https://bt.adatepe.dev/:0
[  194652ms] [WARNING] The resource https://bt.adatepe.dev/_next/static/chunks/cb19ce5ff8f121f5.css was preloaded using link preload but not used within a few seconds from the window's load event. Please make sure it has an appropriate `as` value and it is preloaded intentionally. @ https://bt.adatepe.dev/:0
[  194652ms] [WARNING] The resource https://bt.adatepe.dev/_next/static/chunks/8a5bd6fe3abc8091.css was preloaded using link preload but not used within a few seconds from the window's load event. Please make sure it has an appropriate `as` value and it is preloaded intentionally. @ https://bt.adatepe.dev/:0
[  198958ms] [WARNING] The resource https://bt.adatepe.dev/_next/static/chunks/cb19ce5ff8f121f5.css was preloaded using link preload but not used within a few seconds from the window's load event. Please make sure it has an appropriate `as` value and it is preloaded intentionally. @ https://bt.adatepe.dev/:0
[  198958ms] [WARNING] The resource https://bt.adatepe.dev/_next/static/chunks/8a5bd6fe3abc8091.css was preloaded using link preload but not used within a few seconds from the window's load event. Please make sure it has an appropriate `as` value and it is preloaded intentionally. @ https://bt.adatepe.dev/:0
[  202944ms] [WARNING] The resource https://bt.adatepe.dev/_next/static/chunks/cb19ce5ff8f121f5.css was preloaded using link preload but not used within a few seconds from the window's load event. Please make sure it has an appropriate `as` value and it is preloaded intentionally. @ https://bt.adatepe.dev/:0
[  202944ms] [WARNING] The resource https://bt.adatepe.dev/_next/static/chunks/8a5bd6fe3abc8091.css was preloaded using link preload but not used within a few seconds from the window's load event. Please make sure it has an appropriate `as` value and it is preloaded intentionally. @ https://bt.adatepe.dev/:0
[  206749ms] [WARNING] The resource https://bt.adatepe.dev/_next/static/chunks/cb19ce5ff8f121f5.css was preloaded using link preload but not used within a few seconds from the window's load event. Please make sure it has an appropriate `as` value and it is preloaded intentionally. @ https://bt.adatepe.dev/:0
[  206749ms] [WARNING] The resource https://bt.adatepe.dev/_next/static/chunks/8a5bd6fe3abc8091.css was preloaded using link preload but not used within a few seconds from the window's load event. Please make sure it has an appropriate `as` value and it is preloaded intentionally. @ https://bt.adatepe.dev/:0
[  211897ms] [WARNING] The resource https://bt.adatepe.dev/_next/static/chunks/cb19ce5ff8f121f5.css was preloaded using link preload but not used within a few seconds from the window's load event. Please make sure it has an appropriate `as` value and it is preloaded intentionally. @ https://bt.adatepe.dev/:0
[  211897ms] [WARNING] The resource https://bt.adatepe.dev/_next/static/chunks/8a5bd6fe3abc8091.css was preloaded using link preload but not used within a few seconds from the window's load event. Please make sure it has an appropriate `as` value and it is preloaded intentionally. @ https://bt.adatepe.dev/:0
[  216473ms] [WARNING] The resource https://bt.adatepe.dev/_next/static/chunks/cb19ce5ff8f121f5.css was preloaded using link preload but not used within a few seconds from the window's load event. Please make sure it has an appropriate `as` value and it is preloaded intentionally. @ https://bt.adatepe.dev/:0
[  216473ms] [WARNING] The resource https://bt.adatepe.dev/_next/static/chunks/8a5bd6fe3abc8091.css was preloaded using link preload but not used within a few seconds from the window's load event. Please make sure it has an appropriate `as` value and it is preloaded intentionally. @ https://bt.adatepe.dev/:0
[  219721ms] [WARNING] The resource https://bt.adatepe.dev/_next/static/chunks/cb19ce5ff8f121f5.css was preloaded using link preload but not used within a few seconds from the window's load event. Please make sure it has an appropriate `as` value and it is preloaded intentionally. @ https://bt.adatepe.dev/:0
[  219721ms] [WARNING] The resource https://bt.adatepe.dev/_next/static/chunks/8a5bd6fe3abc8091.css was preloaded using link preload but not used within a few seconds from the window's load event. Please make sure it has an appropriate `as` value and it is preloaded intentionally. @ https://bt.adatepe.dev/:0
[  223743ms] [WARNING] The resource https://bt.adatepe.dev/_next/static/chunks/cb19ce5ff8f121f5.css was preloaded using link preload but not used within a few seconds from the window's load event. Please make sure it has an appropriate `as` value and it is preloaded intentionally. @ https://bt.adatepe.dev/:0
[  223743ms] [WARNING] The resource https://bt.adatepe.dev/_next/static/chunks/8a5bd6fe3abc8091.css was preloaded using link preload but not used within a few seconds from the window's load event. Please make sure it has an appropriate `as` value and it is preloaded intentionally. @ https://bt.adatepe.dev/:0
[  228778ms] [WARNING] The resource https://bt.adatepe.dev/_next/static/chunks/cb19ce5ff8f121f5.css was preloaded using link preload but not used within a few seconds from the window's load event. Please make sure it has an appropriate `as` value and it is preloaded intentionally. @ https://bt.adatepe.dev/:0
[  228778ms] [WARNING] The resource https://bt.adatepe.dev/_next/static/chunks/8a5bd6fe3abc8091.css was preloaded using link preload but not used within a few seconds from the window's load event. Please make sure it has an appropriate `as` value and it is preloaded intentionally. @ https://bt.adatepe.dev/:0
[  232947ms] [WARNING] The resource https://bt.adatepe.dev/_next/static/chunks/cb19ce5ff8f121f5.css was preloaded using link preload but not used within a few seconds from the window's load event. Please make sure it has an appropriate `as` value and it is preloaded intentionally. @ https://bt.adatepe.dev/:0
[  232947ms] [WARNING] The resource https://bt.adatepe.dev/_next/static/chunks/8a5bd6fe3abc8091.css was preloaded using link preload but not used within a few seconds from the window's load event. Please make sure it has an appropriate `as` value and it is preloaded intentionally. @ https://bt.adatepe.dev/:0
[  236763ms] [WARNING] The resource https://bt.adatepe.dev/_next/static/chunks/cb19ce5ff8f121f5.css was preloaded using link preload but not used within a few seconds from the window's load event. Please make sure it has an appropriate `as` value and it is preloaded intentionally. @ https://bt.adatepe.dev/:0
[  236763ms] [WARNING] The resource https://bt.adatepe.dev/_next/static/chunks/8a5bd6fe3abc8091.css was preloaded using link preload but not used within a few seconds from the window's load event. Please make sure it has an appropriate `as` value and it is preloaded intentionally. @ https://bt.adatepe.dev/:0
[  240873ms] [WARNING] The resource https://bt.adatepe.dev/_next/static/chunks/cb19ce5ff8f121f5.css was preloaded using link preload but not used within a few seconds from the window's load event. Please make sure it has an appropriate `as` value and it is preloaded intentionally. @ https://bt.adatepe.dev/:0
[  240873ms] [WARNING] The resource https://bt.adatepe.dev/_next/static/chunks/8a5bd6fe3abc8091.css was preloaded using link preload but not used within a few seconds from the window's load event. Please make sure it has an appropriate `as` value and it is preloaded intentionally. @ https://bt.adatepe.dev/:0
[  244895ms] [WARNING] The resource https://bt.adatepe.dev/_next/static/chunks/cb19ce5ff8f121f5.css was preloaded using link preload but not used within a few seconds from the window's load event. Please make sure it has an appropriate `as` value and it is preloaded intentionally. @ https://bt.adatepe.dev/:0
[  244895ms] [WARNING] The resource https://bt.adatepe.dev/_next/static/chunks/8a5bd6fe3abc8091.css was preloaded using link preload but not used within a few seconds from the window's load event. Please make sure it has an appropriate `as` value and it is preloaded intentionally. @ https://bt.adatepe.dev/:0
[  250134ms] [WARNING] The resource https://bt.adatepe.dev/_next/static/chunks/cb19ce5ff8f121f5.css was preloaded using link preload but not used within a few seconds from the window's load event. Please make sure it has an appropriate `as` value and it is preloaded intentionally. @ https://bt.adatepe.dev/:0
[  250134ms] [WARNING] The resource https://bt.adatepe.dev/_next/static/chunks/8a5bd6fe3abc8091.css was preloaded using link preload but not used within a few seconds from the window's load event. Please make sure it has an appropriate `as` value and it is preloaded intentionally. @ https://bt.adatepe.dev/:0
[  253867ms] [WARNING] The resource https://bt.adatepe.dev/_next/static/chunks/cb19ce5ff8f121f5.css was preloaded using link preload but not used within a few seconds from the window's load event. Please make sure it has an appropriate `as` value and it is preloaded intentionally. @ https://bt.adatepe.dev/:0
[  253867ms] [WARNING] The resource https://bt.adatepe.dev/_next/static/chunks/8a5bd6fe3abc8091.css was preloaded using link preload but not used within a few seconds from the window's load event. Please make sure it has an appropriate `as` value and it is preloaded intentionally. @ https://bt.adatepe.dev/:0
[  257882ms] [WARNING] The resource https://bt.adatepe.dev/_next/static/chunks/cb19ce5ff8f121f5.css was preloaded using link preload but not used within a few seconds from the window's load event. Please make sure it has an appropriate `as` value and it is preloaded intentionally. @ https://bt.adatepe.dev/:0
[  257882ms] [WARNING] The resource https://bt.adatepe.dev/_next/static/chunks/8a5bd6fe3abc8091.css was preloaded using link preload but not used within a few seconds from the window's load event. Please make sure it has an appropriate `as` value and it is preloaded intentionally. @ https://bt.adatepe.dev/:0
[  262385ms] [WARNING] The resource https://bt.adatepe.dev/_next/static/chunks/cb19ce5ff8f121f5.css was preloaded using link preload but not used within a few seconds from the window's load event. Please make sure it has an appropriate `as` value and it is preloaded intentionally. @ https://bt.adatepe.dev/:0
[  262385ms] [WARNING] The resource https://bt.adatepe.dev/_next/static/chunks/8a5bd6fe3abc8091.css was preloaded using link preload but not used within a few seconds from the window's load event. Please make sure it has an appropriate `as` value and it is preloaded intentionally. @ https://bt.adatepe.dev/:0
[  265873ms] [WARNING] The resource https://bt.adatepe.dev/_next/static/chunks/cb19ce5ff8f121f5.css was preloaded using link preload but not used within a few seconds from the window's load event. Please make sure it has an appropriate `as` value and it is preloaded intentionally. @ https://bt.adatepe.dev/:0
[  265873ms] [WARNING] The resource https://bt.adatepe.dev/_next/static/chunks/8a5bd6fe3abc8091.css was preloaded using link preload but not used within a few seconds from the window's load event. Please make sure it has an appropriate `as` value and it is preloaded intentionally. @ https://bt.adatepe.dev/:0
[  270744ms] [WARNING] The resource https://bt.adatepe.dev/_next/static/chunks/cb19ce5ff8f121f5.css was preloaded using link preload but not used within a few seconds from the window's load event. Please make sure it has an appropriate `as` value and it is preloaded intentionally. @ https://bt.adatepe.dev/:0
[  270744ms] [WARNING] The resource https://bt.adatepe.dev/_next/static/chunks/8a5bd6fe3abc8091.css was preloaded using link preload but not used within a few seconds from the window's load event. Please make sure it has an appropriate `as` value and it is preloaded intentionally. @ https://bt.adatepe.dev/:0
